{"C:\\Users\\eduvi\\OneDrive\\Desktop\\test-shoping-cart\\src\\App.jsx": {"path":"C:\\Users\\eduvi\\OneDrive\\Desktop\\test-shoping-cart\\src\\App.jsx","statementMap":{"0":{"start":{"line":10,"column":2},"end":{"line":19,"column":4}}},"fnMap":{"0":{"name":"App","decl":{"start":{"line":8,"column":9},"end":{"line":8,"column":12}},"loc":{"start":{"line":8,"column":15},"end":{"line":20,"column":1}},"line":8}},"branchMap":{},"s":{"0":1},"f":{"0":1},"b":{},"_coverageSchema":"1a1c01bbd47fc00a2c39e90264f33305004495a9","hash":"e93b33ea07271d1dc38054334ad75cb8505ab14d"}
,"C:\\Users\\eduvi\\OneDrive\\Desktop\\test-shoping-cart\\src\\components\\BagedCountCartProduct.jsx": {"path":"C:\\Users\\eduvi\\OneDrive\\Desktop\\test-shoping-cart\\src\\components\\BagedCountCartProduct.jsx","statementMap":{"0":{"start":{"line":3,"column":29},"end":{"line":14,"column":1}},"1":{"start":{"line":4,"column":4},"end":{"line":12,"column":5}}},"fnMap":{"0":{"name":"(anonymous_0)","decl":{"start":{"line":3,"column":29},"end":{"line":3,"column":30}},"loc":{"start":{"line":3,"column":47},"end":{"line":14,"column":1}},"line":3}},"branchMap":{},"s":{"0":1,"1":0},"f":{"0":0},"b":{},"_coverageSchema":"1a1c01bbd47fc00a2c39e90264f33305004495a9","hash":"acfaa174b4adf869f2b41353d73ff6db19dd5173"}
,"C:\\Users\\eduvi\\OneDrive\\Desktop\\test-shoping-cart\\src\\components\\Header.jsx": {"path":"C:\\Users\\eduvi\\OneDrive\\Desktop\\test-shoping-cart\\src\\components\\Header.jsx","statementMap":{"0":{"start":{"line":6,"column":15},"end":{"line":59,"column":1}},"1":{"start":{"line":15,"column":6},"end":{"line":15,"column":28}},"2":{"start":{"line":16,"column":19},"end":{"line":20,"column":3}},"3":{"start":{"line":17,"column":4},"end":{"line":17,"column":55}},"4":{"start":{"line":18,"column":4},"end":{"line":18,"column":28}},"5":{"start":{"line":19,"column":4},"end":{"line":19,"column":25}},"6":{"start":{"line":22,"column":2},"end":{"line":58,"column":4}},"7":{"start":{"line":26,"column":25},"end":{"line":26,"column":35}}},"fnMap":{"0":{"name":"(anonymous_0)","decl":{"start":{"line":6,"column":15},"end":{"line":6,"column":16}},"loc":{"start":{"line":6,"column":21},"end":{"line":59,"column":1}},"line":6},"1":{"name":"(anonymous_1)","decl":{"start":{"line":16,"column":19},"end":{"line":16,"column":20}},"loc":{"start":{"line":16,"column":23},"end":{"line":20,"column":3}},"line":16},"2":{"name":"(anonymous_2)","decl":{"start":{"line":26,"column":19},"end":{"line":26,"column":20}},"loc":{"start":{"line":26,"column":25},"end":{"line":26,"column":35}},"line":26}},"branchMap":{"0":{"loc":{"start":{"line":17,"column":4},"end":{"line":17,"column":54}},"type":"cond-expr","locations":[{"start":{"line":17,"column":22},"end":{"line":17,"column":49}},{"start":{"line":17,"column":50},"end":{"line":17,"column":54}}],"line":17},"1":{"loc":{"start":{"line":37,"column":11},"end":{"line":39,"column":41}},"type":"cond-expr","locations":[{"start":{"line":38,"column":15},"end":{"line":38,"column":46}},{"start":{"line":39,"column":15},"end":{"line":39,"column":41}}],"line":37},"2":{"loc":{"start":{"line":48,"column":11},"end":{"line":48,"column":46}},"type":"cond-expr","locations":[{"start":{"line":48,"column":28},"end":{"line":48,"column":35}},{"start":{"line":48,"column":38},"end":{"line":48,"column":46}}],"line":48}},"s":{"0":1,"1":3,"2":3,"3":0,"4":0,"5":0,"6":3,"7":0},"f":{"0":3,"1":0,"2":0},"b":{"0":[0,0],"1":[0,3],"2":[0,3]},"_coverageSchema":"1a1c01bbd47fc00a2c39e90264f33305004495a9","hash":"5a6011ab32f4a8cabf2c83158fa3787b59e66bc8"}
,"C:\\Users\\eduvi\\OneDrive\\Desktop\\test-shoping-cart\\src\\components\\Product.jsx": {"path":"C:\\Users\\eduvi\\OneDrive\\Desktop\\test-shoping-cart\\src\\components\\Product.jsx","statementMap":{"0":{"start":{"line":8,"column":16},"end":{"line":69,"column":2}},"1":{"start":{"line":9,"column":89},"end":{"line":9,"column":111}},"2":{"start":{"line":10,"column":26},"end":{"line":16,"column":5}},"3":{"start":{"line":11,"column":6},"end":{"line":15,"column":7}},"4":{"start":{"line":17,"column":22},"end":{"line":20,"column":5}},"5":{"start":{"line":18,"column":6},"end":{"line":18,"column":33}},"6":{"start":{"line":19,"column":6},"end":{"line":19,"column":30}},"7":{"start":{"line":22,"column":4},"end":{"line":68,"column":6}},"8":{"start":{"line":45,"column":32},"end":{"line":45,"column":43}}},"fnMap":{"0":{"name":"(anonymous_0)","decl":{"start":{"line":8,"column":16},"end":{"line":8,"column":17}},"loc":{"start":{"line":8,"column":21},"end":{"line":69,"column":2}},"line":8},"1":{"name":"(anonymous_1)","decl":{"start":{"line":10,"column":26},"end":{"line":10,"column":27}},"loc":{"start":{"line":10,"column":31},"end":{"line":16,"column":5}},"line":10},"2":{"name":"(anonymous_2)","decl":{"start":{"line":17,"column":22},"end":{"line":17,"column":23}},"loc":{"start":{"line":17,"column":27},"end":{"line":20,"column":5}},"line":17},"3":{"name":"(anonymous_3)","decl":{"start":{"line":45,"column":26},"end":{"line":45,"column":27}},"loc":{"start":{"line":45,"column":32},"end":{"line":45,"column":43}},"line":45}},"branchMap":{"0":{"loc":{"start":{"line":27,"column":14},"end":{"line":27,"column":70}},"type":"cond-expr","locations":[{"start":{"line":27,"column":52},"end":{"line":27,"column":60}},{"start":{"line":27,"column":63},"end":{"line":27,"column":70}}],"line":27},"1":{"loc":{"start":{"line":27,"column":14},"end":{"line":27,"column":49}},"type":"binary-expr","locations":[{"start":{"line":27,"column":14},"end":{"line":27,"column":31}},{"start":{"line":27,"column":35},"end":{"line":27,"column":49}}],"line":27},"2":{"loc":{"start":{"line":37,"column":14},"end":{"line":37,"column":70}},"type":"cond-expr","locations":[{"start":{"line":37,"column":52},"end":{"line":37,"column":59}},{"start":{"line":37,"column":62},"end":{"line":37,"column":70}}],"line":37},"3":{"loc":{"start":{"line":37,"column":14},"end":{"line":37,"column":49}},"type":"binary-expr","locations":[{"start":{"line":37,"column":14},"end":{"line":37,"column":31}},{"start":{"line":37,"column":35},"end":{"line":37,"column":49}}],"line":37},"4":{"loc":{"start":{"line":42,"column":16},"end":{"line":42,"column":72}},"type":"cond-expr","locations":[{"start":{"line":42,"column":54},"end":{"line":42,"column":61}},{"start":{"line":42,"column":64},"end":{"line":42,"column":72}}],"line":42},"5":{"loc":{"start":{"line":42,"column":16},"end":{"line":42,"column":51}},"type":"binary-expr","locations":[{"start":{"line":42,"column":16},"end":{"line":42,"column":33}},{"start":{"line":42,"column":37},"end":{"line":42,"column":51}}],"line":42},"6":{"loc":{"start":{"line":51,"column":17},"end":{"line":55,"column":22}},"type":"cond-expr","locations":[{"start":{"line":52,"column":20},"end":{"line":52,"column":29}},{"start":{"line":53,"column":20},"end":{"line":55,"column":22}}],"line":51},"7":{"loc":{"start":{"line":53,"column":20},"end":{"line":55,"column":22}},"type":"cond-expr","locations":[{"start":{"line":54,"column":20},"end":{"line":54,"column":35}},{"start":{"line":55,"column":20},"end":{"line":55,"column":22}}],"line":53},"8":{"loc":{"start":{"line":58,"column":13},"end":{"line":64,"column":13}},"type":"cond-expr","locations":[{"start":{"line":59,"column":14},"end":{"line":59,"column":31}},{"start":{"line":60,"column":16},"end":{"line":64,"column":13}}],"line":58},"9":{"loc":{"start":{"line":60,"column":16},"end":{"line":64,"column":13}},"type":"cond-expr","locations":[{"start":{"line":61,"column":14},"end":{"line":61,"column":31}},{"start":{"line":63,"column":14},"end":{"line":63,"column":32}}],"line":60}},"s":{"0":1,"1":3,"2":3,"3":3,"4":3,"5":0,"6":0,"7":3,"8":0},"f":{"0":3,"1":3,"2":0,"3":0},"b":{"0":[0,3],"1":[3,3],"2":[0,3],"3":[3,3],"4":[0,3],"5":[3,3],"6":[0,3],"7":[0,3],"8":[0,3],"9":[0,3]},"_coverageSchema":"1a1c01bbd47fc00a2c39e90264f33305004495a9","hash":"9e2e4a5fab37ece319bb6c1f7272693f60d6b00e"}
,"C:\\Users\\eduvi\\OneDrive\\Desktop\\test-shoping-cart\\src\\components\\ProductDetail.jsx": {"path":"C:\\Users\\eduvi\\OneDrive\\Desktop\\test-shoping-cart\\src\\components\\ProductDetail.jsx","statementMap":{"0":{"start":{"line":4,"column":22},"end":{"line":49,"column":1}},"1":{"start":{"line":6,"column":6},"end":{"line":6,"column":28}},"2":{"start":{"line":7,"column":28},"end":{"line":7,"column":77}},"3":{"start":{"line":7,"column":48},"end":{"line":7,"column":76}},"4":{"start":{"line":9,"column":4},"end":{"line":48,"column":6}},"5":{"start":{"line":31,"column":29},"end":{"line":31,"column":70}},"6":{"start":{"line":37,"column":29},"end":{"line":37,"column":58}}},"fnMap":{"0":{"name":"(anonymous_0)","decl":{"start":{"line":4,"column":22},"end":{"line":4,"column":23}},"loc":{"start":{"line":4,"column":27},"end":{"line":49,"column":1}},"line":4},"1":{"name":"(anonymous_1)","decl":{"start":{"line":7,"column":38},"end":{"line":7,"column":39}},"loc":{"start":{"line":7,"column":48},"end":{"line":7,"column":76}},"line":7},"2":{"name":"(anonymous_2)","decl":{"start":{"line":31,"column":23},"end":{"line":31,"column":24}},"loc":{"start":{"line":31,"column":29},"end":{"line":31,"column":70}},"line":31},"3":{"name":"(anonymous_3)","decl":{"start":{"line":37,"column":23},"end":{"line":37,"column":24}},"loc":{"start":{"line":37,"column":29},"end":{"line":37,"column":58}},"line":37}},"branchMap":{"0":{"loc":{"start":{"line":12,"column":11},"end":{"line":14,"column":11}},"type":"binary-expr","locations":[{"start":{"line":12,"column":11},"end":{"line":12,"column":40}},{"start":{"line":13,"column":12},"end":{"line":13,"column":75}}],"line":12}},"s":{"0":1,"1":0,"2":0,"3":0,"4":0,"5":0,"6":0},"f":{"0":0,"1":0,"2":0,"3":0},"b":{"0":[0,0]},"_coverageSchema":"1a1c01bbd47fc00a2c39e90264f33305004495a9","hash":"a457141fb26b3c2e4510a7bc8bc28adada003bb4"}
,"C:\\Users\\eduvi\\OneDrive\\Desktop\\test-shoping-cart\\src\\components\\ProductList.jsx": {"path":"C:\\Users\\eduvi\\OneDrive\\Desktop\\test-shoping-cart\\src\\components\\ProductList.jsx","statementMap":{"0":{"start":{"line":6,"column":20},"end":{"line":84,"column":1}},"1":{"start":{"line":14,"column":8},"end":{"line":14,"column":30}},"2":{"start":{"line":15,"column":44},"end":{"line":15,"column":56}},"3":{"start":{"line":16,"column":4},"end":{"line":20,"column":19}},"4":{"start":{"line":17,"column":8},"end":{"line":19,"column":9}},"5":{"start":{"line":18,"column":8},"end":{"line":18,"column":39}},"6":{"start":{"line":22,"column":44},"end":{"line":22,"column":58}},"7":{"start":{"line":23,"column":29},"end":{"line":25,"column":5}},"8":{"start":{"line":24,"column":8},"end":{"line":24,"column":31}},"9":{"start":{"line":27,"column":29},"end":{"line":29,"column":5}},"10":{"start":{"line":28,"column":8},"end":{"line":28,"column":30}},"11":{"start":{"line":31,"column":30},"end":{"line":35,"column":5}},"12":{"start":{"line":32,"column":8},"end":{"line":32,"column":57}},"13":{"start":{"line":33,"column":8},"end":{"line":33,"column":35}},"14":{"start":{"line":34,"column":8},"end":{"line":34,"column":38}},"15":{"start":{"line":37,"column":4},"end":{"line":83,"column":6}},"16":{"start":{"line":41,"column":40},"end":{"line":43,"column":17}},"17":{"start":{"line":42,"column":28},"end":{"line":42,"column":47}},"18":{"start":{"line":45,"column":16},"end":{"line":77,"column":18}},"19":{"start":{"line":48,"column":35},"end":{"line":48,"column":75}},"20":{"start":{"line":52,"column":40},"end":{"line":52,"column":61}},"21":{"start":{"line":56,"column":37},"end":{"line":56,"column":77}},"22":{"start":{"line":66,"column":39},"end":{"line":66,"column":79}}},"fnMap":{"0":{"name":"(anonymous_0)","decl":{"start":{"line":6,"column":20},"end":{"line":6,"column":21}},"loc":{"start":{"line":6,"column":26},"end":{"line":84,"column":1}},"line":6},"1":{"name":"(anonymous_1)","decl":{"start":{"line":16,"column":14},"end":{"line":16,"column":15}},"loc":{"start":{"line":16,"column":20},"end":{"line":20,"column":5}},"line":16},"2":{"name":"(anonymous_2)","decl":{"start":{"line":23,"column":29},"end":{"line":23,"column":30}},"loc":{"start":{"line":23,"column":40},"end":{"line":25,"column":5}},"line":23},"3":{"name":"(anonymous_3)","decl":{"start":{"line":27,"column":29},"end":{"line":27,"column":30}},"loc":{"start":{"line":27,"column":35},"end":{"line":29,"column":5}},"line":27},"4":{"name":"(anonymous_4)","decl":{"start":{"line":31,"column":30},"end":{"line":31,"column":31}},"loc":{"start":{"line":31,"column":47},"end":{"line":35,"column":5}},"line":31},"5":{"name":"(anonymous_5)","decl":{"start":{"line":40,"column":33},"end":{"line":40,"column":34}},"loc":{"start":{"line":40,"column":48},"end":{"line":78,"column":17}},"line":40},"6":{"name":"(anonymous_6)","decl":{"start":{"line":42,"column":18},"end":{"line":42,"column":19}},"loc":{"start":{"line":42,"column":28},"end":{"line":42,"column":47}},"line":42},"7":{"name":"(anonymous_7)","decl":{"start":{"line":48,"column":29},"end":{"line":48,"column":30}},"loc":{"start":{"line":48,"column":35},"end":{"line":48,"column":75}},"line":48},"8":{"name":"(anonymous_8)","decl":{"start":{"line":52,"column":34},"end":{"line":52,"column":35}},"loc":{"start":{"line":52,"column":40},"end":{"line":52,"column":61}},"line":52},"9":{"name":"(anonymous_9)","decl":{"start":{"line":56,"column":31},"end":{"line":56,"column":32}},"loc":{"start":{"line":56,"column":37},"end":{"line":56,"column":77}},"line":56},"10":{"name":"(anonymous_10)","decl":{"start":{"line":66,"column":33},"end":{"line":66,"column":34}},"loc":{"start":{"line":66,"column":39},"end":{"line":66,"column":79}},"line":66}},"branchMap":{"0":{"loc":{"start":{"line":17,"column":8},"end":{"line":19,"column":9}},"type":"if","locations":[{"start":{"line":17,"column":8},"end":{"line":19,"column":9}},{"start":{},"end":{}}],"line":17},"1":{"loc":{"start":{"line":32,"column":8},"end":{"line":32,"column":56}},"type":"cond-expr","locations":[{"start":{"line":32,"column":25},"end":{"line":32,"column":49}},{"start":{"line":32,"column":52},"end":{"line":32,"column":56}}],"line":32},"2":{"loc":{"start":{"line":39,"column":13},"end":{"line":81,"column":13}},"type":"cond-expr","locations":[{"start":{"line":40,"column":16},"end":{"line":78,"column":18}},{"start":{"line":80,"column":16},"end":{"line":80,"column":41}}],"line":39},"3":{"loc":{"start":{"line":59,"column":23},"end":{"line":63,"column":23}},"type":"binary-expr","locations":[{"start":{"line":59,"column":23},"end":{"line":59,"column":52}},{"start":{"line":60,"column":24},"end":{"line":62,"column":26}}],"line":59},"4":{"loc":{"start":{"line":72,"column":26},"end":{"line":72,"column":65}},"type":"cond-expr","locations":[{"start":{"line":72,"column":49},"end":{"line":72,"column":60}},{"start":{"line":72,"column":63},"end":{"line":72,"column":65}}],"line":72}},"s":{"0":1,"1":3,"2":3,"3":3,"4":2,"5":2,"6":3,"7":3,"8":0,"9":3,"10":0,"11":3,"12":0,"13":0,"14":0,"15":3,"16":12,"17":0,"18":12,"19":0,"20":0,"21":0,"22":0},"f":{"0":3,"1":2,"2":0,"3":0,"4":0,"5":12,"6":0,"7":0,"8":0,"9":0,"10":0},"b":{"0":[2,0],"1":[0,0],"2":[3,0],"3":[12,0],"4":[0,12]},"_coverageSchema":"1a1c01bbd47fc00a2c39e90264f33305004495a9","hash":"ad656aadfaca2017144d1936649b5871053e98eb"}
,"C:\\Users\\eduvi\\OneDrive\\Desktop\\test-shoping-cart\\src\\components\\ProductsCarts.jsx": {"path":"C:\\Users\\eduvi\\OneDrive\\Desktop\\test-shoping-cart\\src\\components\\ProductsCarts.jsx","statementMap":{"0":{"start":{"line":5,"column":22},"end":{"line":94,"column":1}},"1":{"start":{"line":10,"column":8},"end":{"line":10,"column":30}},"2":{"start":{"line":12,"column":31},"end":{"line":22,"column":5}},"3":{"start":{"line":13,"column":25},"end":{"line":13,"column":43}},"4":{"start":{"line":14,"column":23},"end":{"line":14,"column":25}},"5":{"start":{"line":16,"column":6},"end":{"line":19,"column":7}},"6":{"start":{"line":16,"column":19},"end":{"line":16,"column":20}},"7":{"start":{"line":17,"column":28},"end":{"line":17,"column":73}},"8":{"start":{"line":18,"column":8},"end":{"line":18,"column":46}},"9":{"start":{"line":21,"column":6},"end":{"line":21,"column":24}},"10":{"start":{"line":23,"column":20},"end":{"line":23,"column":63}},"11":{"start":{"line":25,"column":4},"end":{"line":45,"column":12}},"12":{"start":{"line":27,"column":21},"end":{"line":27,"column":53}},"13":{"start":{"line":28,"column":6},"end":{"line":28,"column":57}},"14":{"start":{"line":29,"column":6},"end":{"line":29,"column":26}},"15":{"start":{"line":30,"column":6},"end":{"line":30,"column":51}},"16":{"start":{"line":31,"column":6},"end":{"line":31,"column":54}},"17":{"start":{"line":32,"column":6},"end":{"line":32,"column":50}},"18":{"start":{"line":33,"column":6},"end":{"line":33,"column":76}},"19":{"start":{"line":34,"column":6},"end":{"line":34,"column":60}},"20":{"start":{"line":35,"column":6},"end":{"line":35,"column":76}},"21":{"start":{"line":37,"column":6},"end":{"line":37,"column":68}},"22":{"start":{"line":39,"column":6},"end":{"line":44,"column":8}},"23":{"start":{"line":40,"column":31},"end":{"line":40,"column":72}},"24":{"start":{"line":41,"column":9},"end":{"line":43,"column":10}},"25":{"start":{"line":42,"column":11},"end":{"line":42,"column":45}},"26":{"start":{"line":46,"column":4},"end":{"line":92,"column":6}},"27":{"start":{"line":51,"column":14},"end":{"line":76,"column":20}}},"fnMap":{"0":{"name":"(anonymous_0)","decl":{"start":{"line":5,"column":22},"end":{"line":5,"column":23}},"loc":{"start":{"line":5,"column":28},"end":{"line":94,"column":1}},"line":5},"1":{"name":"(anonymous_1)","decl":{"start":{"line":12,"column":31},"end":{"line":12,"column":32}},"loc":{"start":{"line":12,"column":37},"end":{"line":22,"column":5}},"line":12},"2":{"name":"(anonymous_2)","decl":{"start":{"line":25,"column":14},"end":{"line":25,"column":15}},"loc":{"start":{"line":25,"column":20},"end":{"line":45,"column":5}},"line":25},"3":{"name":"(anonymous_3)","decl":{"start":{"line":39,"column":13},"end":{"line":39,"column":14}},"loc":{"start":{"line":39,"column":19},"end":{"line":44,"column":7}},"line":39},"4":{"name":"(anonymous_4)","decl":{"start":{"line":50,"column":21},"end":{"line":50,"column":22}},"loc":{"start":{"line":51,"column":14},"end":{"line":76,"column":20}},"line":51}},"branchMap":{"0":{"loc":{"start":{"line":41,"column":9},"end":{"line":43,"column":10}},"type":"if","locations":[{"start":{"line":41,"column":9},"end":{"line":43,"column":10}},{"start":{},"end":{}}],"line":41},"1":{"loc":{"start":{"line":41,"column":13},"end":{"line":41,"column":60}},"type":"binary-expr","locations":[{"start":{"line":41,"column":13},"end":{"line":41,"column":26}},{"start":{"line":41,"column":30},"end":{"line":41,"column":60}}],"line":41},"2":{"loc":{"start":{"line":49,"column":11},"end":{"line":77,"column":14}},"type":"binary-expr","locations":[{"start":{"line":49,"column":11},"end":{"line":49,"column":15}},{"start":{"line":50,"column":12},"end":{"line":77,"column":14}}],"line":49}},"s":{"0":1,"1":0,"2":0,"3":0,"4":0,"5":0,"6":0,"7":0,"8":0,"9":0,"10":0,"11":0,"12":0,"13":0,"14":0,"15":0,"16":0,"17":0,"18":0,"19":0,"20":0,"21":0,"22":0,"23":0,"24":0,"25":0,"26":0,"27":0},"f":{"0":0,"1":0,"2":0,"3":0,"4":0},"b":{"0":[0,0],"1":[0,0],"2":[0,0]},"_coverageSchema":"1a1c01bbd47fc00a2c39e90264f33305004495a9","hash":"a2c006f57d001a5868d04e3755dbf167fdcc8ec8"}
,"C:\\Users\\eduvi\\OneDrive\\Desktop\\test-shoping-cart\\src\\context\\AppContextProvider.jsx": {"path":"C:\\Users\\eduvi\\OneDrive\\Desktop\\test-shoping-cart\\src\\context\\AppContextProvider.jsx","statementMap":{"0":{"start":{"line":7,"column":19},"end":{"line":7,"column":34}},"1":{"start":{"line":9,"column":34},"end":{"line":23,"column":1}},"2":{"start":{"line":10,"column":24},"end":{"line":10,"column":40}},"3":{"start":{"line":11,"column":17},"end":{"line":11,"column":26}},"4":{"start":{"line":13,"column":2},"end":{"line":22,"column":4}}},"fnMap":{"0":{"name":"(anonymous_0)","decl":{"start":{"line":9,"column":34},"end":{"line":9,"column":35}},"loc":{"start":{"line":9,"column":52},"end":{"line":23,"column":1}},"line":9}},"branchMap":{},"s":{"0":1,"1":1,"2":3,"3":3,"4":3},"f":{"0":3},"b":{},"_coverageSchema":"1a1c01bbd47fc00a2c39e90264f33305004495a9","hash":"312b344fbb71edc9db48242a366accf81784e048"}
,"C:\\Users\\eduvi\\OneDrive\\Desktop\\test-shoping-cart\\src\\hooks\\useCart.js": {"path":"C:\\Users\\eduvi\\OneDrive\\Desktop\\test-shoping-cart\\src\\hooks\\useCart.js","statementMap":{"0":{"start":{"line":4,"column":26},"end":{"line":4,"column":38}},"1":{"start":{"line":5,"column":46},"end":{"line":5,"column":57}},"2":{"start":{"line":7,"column":2},"end":{"line":12,"column":9}},"3":{"start":{"line":8,"column":22},"end":{"line":8,"column":62}},"4":{"start":{"line":9,"column":4},"end":{"line":11,"column":5}},"5":{"start":{"line":10,"column":6},"end":{"line":10,"column":25}},"6":{"start":{"line":14,"column":2},"end":{"line":16,"column":13}},"7":{"start":{"line":15,"column":4},"end":{"line":15,"column":55}},"8":{"start":{"line":18,"column":26},"end":{"line":25,"column":3}},"9":{"start":{"line":19,"column":21},"end":{"line":22,"column":5}},"10":{"start":{"line":20,"column":23},"end":{"line":20,"column":55}},"11":{"start":{"line":23,"column":4},"end":{"line":23,"column":39}},"12":{"start":{"line":24,"column":4},"end":{"line":24,"column":34}},"13":{"start":{"line":27,"column":34},"end":{"line":47,"column":3}},"14":{"start":{"line":28,"column":26},"end":{"line":28,"column":68}},"15":{"start":{"line":28,"column":46},"end":{"line":28,"column":67}},"16":{"start":{"line":29,"column":4},"end":{"line":31,"column":5}},"17":{"start":{"line":30,"column":6},"end":{"line":30,"column":13}},"18":{"start":{"line":32,"column":22},"end":{"line":32,"column":24}},"19":{"start":{"line":33,"column":4},"end":{"line":45,"column":5}},"20":{"start":{"line":34,"column":6},"end":{"line":34,"column":65}},"21":{"start":{"line":34,"column":42},"end":{"line":34,"column":63}},"22":{"start":{"line":36,"column":6},"end":{"line":44,"column":9}},"23":{"start":{"line":37,"column":8},"end":{"line":42,"column":9}},"24":{"start":{"line":38,"column":10},"end":{"line":41,"column":12}},"25":{"start":{"line":43,"column":8},"end":{"line":43,"column":20}},"26":{"start":{"line":46,"column":4},"end":{"line":46,"column":25}},"27":{"start":{"line":49,"column":31},"end":{"line":60,"column":3}},"28":{"start":{"line":50,"column":24},"end":{"line":58,"column":6}},"29":{"start":{"line":51,"column":6},"end":{"line":56,"column":7}},"30":{"start":{"line":52,"column":8},"end":{"line":55,"column":10}},"31":{"start":{"line":57,"column":6},"end":{"line":57,"column":18}},"32":{"start":{"line":59,"column":4},"end":{"line":59,"column":25}},"33":{"start":{"line":62,"column":25},"end":{"line":71,"column":3}},"34":{"start":{"line":63,"column":29},"end":{"line":63,"column":72}},"35":{"start":{"line":63,"column":49},"end":{"line":63,"column":71}},"36":{"start":{"line":64,"column":4},"end":{"line":70,"column":5}},"37":{"start":{"line":65,"column":26},"end":{"line":65,"column":35}},"38":{"start":{"line":66,"column":6},"end":{"line":66,"column":52}},"39":{"start":{"line":67,"column":6},"end":{"line":67,"column":29}},"40":{"start":{"line":69,"column":6},"end":{"line":69,"column":39}},"41":{"start":{"line":73,"column":28},"end":{"line":75,"column":3}},"42":{"start":{"line":74,"column":4},"end":{"line":74,"column":16}},"43":{"start":{"line":77,"column":2},"end":{"line":79,"column":13}},"44":{"start":{"line":78,"column":4},"end":{"line":78,"column":22}},"45":{"start":{"line":81,"column":2},"end":{"line":87,"column":4}}},"fnMap":{"0":{"name":"useCart","decl":{"start":{"line":3,"column":24},"end":{"line":3,"column":31}},"loc":{"start":{"line":3,"column":34},"end":{"line":88,"column":1}},"line":3},"1":{"name":"(anonymous_1)","decl":{"start":{"line":7,"column":12},"end":{"line":7,"column":13}},"loc":{"start":{"line":7,"column":18},"end":{"line":12,"column":3}},"line":7},"2":{"name":"(anonymous_2)","decl":{"start":{"line":14,"column":12},"end":{"line":14,"column":13}},"loc":{"start":{"line":14,"column":18},"end":{"line":16,"column":3}},"line":14},"3":{"name":"(anonymous_3)","decl":{"start":{"line":18,"column":26},"end":{"line":18,"column":27}},"loc":{"start":{"line":18,"column":32},"end":{"line":25,"column":3}},"line":18},"4":{"name":"(anonymous_4)","decl":{"start":{"line":20,"column":6},"end":{"line":20,"column":7}},"loc":{"start":{"line":20,"column":23},"end":{"line":20,"column":55}},"line":20},"5":{"name":"(anonymous_5)","decl":{"start":{"line":27,"column":34},"end":{"line":27,"column":35}},"loc":{"start":{"line":27,"column":49},"end":{"line":47,"column":3}},"line":27},"6":{"name":"(anonymous_6)","decl":{"start":{"line":28,"column":36},"end":{"line":28,"column":37}},"loc":{"start":{"line":28,"column":46},"end":{"line":28,"column":67}},"line":28},"7":{"name":"(anonymous_7)","decl":{"start":{"line":34,"column":32},"end":{"line":34,"column":33}},"loc":{"start":{"line":34,"column":42},"end":{"line":34,"column":63}},"line":34},"8":{"name":"(anonymous_8)","decl":{"start":{"line":36,"column":29},"end":{"line":36,"column":30}},"loc":{"start":{"line":36,"column":39},"end":{"line":44,"column":7}},"line":36},"9":{"name":"(anonymous_9)","decl":{"start":{"line":49,"column":31},"end":{"line":49,"column":32}},"loc":{"start":{"line":49,"column":46},"end":{"line":60,"column":3}},"line":49},"10":{"name":"(anonymous_10)","decl":{"start":{"line":50,"column":33},"end":{"line":50,"column":34}},"loc":{"start":{"line":50,"column":43},"end":{"line":58,"column":5}},"line":50},"11":{"name":"(anonymous_11)","decl":{"start":{"line":62,"column":25},"end":{"line":62,"column":26}},"loc":{"start":{"line":62,"column":38},"end":{"line":71,"column":3}},"line":62},"12":{"name":"(anonymous_12)","decl":{"start":{"line":63,"column":39},"end":{"line":63,"column":40}},"loc":{"start":{"line":63,"column":49},"end":{"line":63,"column":71}},"line":63},"13":{"name":"(anonymous_13)","decl":{"start":{"line":73,"column":28},"end":{"line":73,"column":29}},"loc":{"start":{"line":73,"column":34},"end":{"line":75,"column":3}},"line":73},"14":{"name":"(anonymous_14)","decl":{"start":{"line":77,"column":12},"end":{"line":77,"column":13}},"loc":{"start":{"line":77,"column":18},"end":{"line":79,"column":3}},"line":77}},"branchMap":{"0":{"loc":{"start":{"line":9,"column":4},"end":{"line":11,"column":5}},"type":"if","locations":[{"start":{"line":9,"column":4},"end":{"line":11,"column":5}},{"start":{},"end":{}}],"line":9},"1":{"loc":{"start":{"line":9,"column":8},"end":{"line":9,"column":41}},"type":"binary-expr","locations":[{"start":{"line":9,"column":8},"end":{"line":9,"column":17}},{"start":{"line":9,"column":21},"end":{"line":9,"column":41}}],"line":9},"2":{"loc":{"start":{"line":29,"column":4},"end":{"line":31,"column":5}},"type":"if","locations":[{"start":{"line":29,"column":4},"end":{"line":31,"column":5}},{"start":{},"end":{}}],"line":29},"3":{"loc":{"start":{"line":33,"column":4},"end":{"line":45,"column":5}},"type":"if","locations":[{"start":{"line":33,"column":4},"end":{"line":45,"column":5}},{"start":{"line":35,"column":11},"end":{"line":45,"column":5}}],"line":33},"4":{"loc":{"start":{"line":37,"column":8},"end":{"line":42,"column":9}},"type":"if","locations":[{"start":{"line":37,"column":8},"end":{"line":42,"column":9}},{"start":{},"end":{}}],"line":37},"5":{"loc":{"start":{"line":51,"column":6},"end":{"line":56,"column":7}},"type":"if","locations":[{"start":{"line":51,"column":6},"end":{"line":56,"column":7}},{"start":{},"end":{}}],"line":51},"6":{"loc":{"start":{"line":64,"column":4},"end":{"line":70,"column":5}},"type":"if","locations":[{"start":{"line":64,"column":4},"end":{"line":70,"column":5}},{"start":{"line":68,"column":11},"end":{"line":70,"column":5}}],"line":64}},"s":{"0":3,"1":3,"2":3,"3":1,"4":1,"5":0,"6":3,"7":1,"8":3,"9":1,"10":0,"11":1,"12":1,"13":3,"14":0,"15":0,"16":0,"17":0,"18":0,"19":0,"20":0,"21":0,"22":0,"23":0,"24":0,"25":0,"26":0,"27":3,"28":0,"29":0,"30":0,"31":0,"32":0,"33":3,"34":0,"35":0,"36":0,"37":0,"38":0,"39":0,"40":0,"41":3,"42":0,"43":3,"44":1,"45":3},"f":{"0":3,"1":1,"2":1,"3":1,"4":0,"5":0,"6":0,"7":0,"8":0,"9":0,"10":0,"11":0,"12":0,"13":0,"14":1},"b":{"0":[0,1],"1":[1,0],"2":[0,0],"3":[0,0],"4":[0,0],"5":[0,0],"6":[0,0]},"_coverageSchema":"1a1c01bbd47fc00a2c39e90264f33305004495a9","hash":"c6c078dc27611a95facb276600fb38a1986dbf36"}
,"C:\\Users\\eduvi\\OneDrive\\Desktop\\test-shoping-cart\\src\\hooks\\useProducStore.js": {"path":"C:\\Users\\eduvi\\OneDrive\\Desktop\\test-shoping-cart\\src\\hooks\\useProducStore.js","statementMap":{"0":{"start":{"line":5,"column":19},"end":{"line":5,"column":32}},"1":{"start":{"line":6,"column":19},"end":{"line":6,"column":57}},"2":{"start":{"line":6,"column":42},"end":{"line":6,"column":56}},"3":{"start":{"line":7,"column":51},"end":{"line":7,"column":66}},"4":{"start":{"line":8,"column":45},"end":{"line":8,"column":60}},"5":{"start":{"line":9,"column":44},"end":{"line":9,"column":56}},"6":{"start":{"line":11,"column":2},"end":{"line":13,"column":17}},"7":{"start":{"line":12,"column":4},"end":{"line":12,"column":41}},"8":{"start":{"line":15,"column":2},"end":{"line":23,"column":4}}},"fnMap":{"0":{"name":"useProducStore","decl":{"start":{"line":4,"column":24},"end":{"line":4,"column":38}},"loc":{"start":{"line":4,"column":41},"end":{"line":24,"column":1}},"line":4},"1":{"name":"(anonymous_1)","decl":{"start":{"line":6,"column":31},"end":{"line":6,"column":32}},"loc":{"start":{"line":6,"column":42},"end":{"line":6,"column":56}},"line":6},"2":{"name":"(anonymous_2)","decl":{"start":{"line":11,"column":12},"end":{"line":11,"column":13}},"loc":{"start":{"line":11,"column":18},"end":{"line":13,"column":3}},"line":11}},"branchMap":{},"s":{"0":3,"1":3,"2":5,"3":3,"4":3,"5":3,"6":3,"7":1,"8":3},"f":{"0":3,"1":5,"2":1},"b":{},"_coverageSchema":"1a1c01bbd47fc00a2c39e90264f33305004495a9","hash":"d8a99e660491af244b560ef8df3de08b65c883b1"}
,"C:\\Users\\eduvi\\OneDrive\\Desktop\\test-shoping-cart\\src\\saga\\conf-saga.js": {"path":"C:\\Users\\eduvi\\OneDrive\\Desktop\\test-shoping-cart\\src\\saga\\conf-saga.js","statementMap":{"0":{"start":{"line":5,"column":2},"end":{"line":123,"column":3}},"1":{"start":{"line":7,"column":21},"end":{"line":116,"column":5}},"2":{"start":{"line":119,"column":4},"end":{"line":119,"column":69}},"3":{"start":{"line":122,"column":4},"end":{"line":122,"column":53}},"4":{"start":{"line":128,"column":2},"end":{"line":128,"column":56}}},"fnMap":{"0":{"name":"fetchProductsSaga","decl":{"start":{"line":4,"column":10},"end":{"line":4,"column":27}},"loc":{"start":{"line":4,"column":30},"end":{"line":124,"column":1}},"line":4},"1":{"name":"rootSaga","decl":{"start":{"line":127,"column":25},"end":{"line":127,"column":33}},"loc":{"start":{"line":127,"column":36},"end":{"line":129,"column":1}},"line":127}},"branchMap":{},"s":{"0":1,"1":1,"2":1,"3":0,"4":1},"f":{"0":1,"1":1},"b":{},"_coverageSchema":"1a1c01bbd47fc00a2c39e90264f33305004495a9","hash":"51c23fd3fc4f74d6b060e827d8910015708b2b30"}
,"C:\\Users\\eduvi\\OneDrive\\Desktop\\test-shoping-cart\\src\\saga\\reduce-saga.js": {"path":"C:\\Users\\eduvi\\OneDrive\\Desktop\\test-shoping-cart\\src\\saga\\reduce-saga.js","statementMap":{"0":{"start":{"line":1,"column":21},"end":{"line":3,"column":1}},"1":{"start":{"line":5,"column":16},"end":{"line":12,"column":1}},"2":{"start":{"line":6,"column":2},"end":{"line":11,"column":3}},"3":{"start":{"line":8,"column":6},"end":{"line":8,"column":52}},"4":{"start":{"line":10,"column":6},"end":{"line":10,"column":19}}},"fnMap":{"0":{"name":"(anonymous_0)","decl":{"start":{"line":5,"column":16},"end":{"line":5,"column":17}},"loc":{"start":{"line":5,"column":50},"end":{"line":12,"column":1}},"line":5}},"branchMap":{"0":{"loc":{"start":{"line":5,"column":17},"end":{"line":5,"column":37}},"type":"default-arg","locations":[{"start":{"line":5,"column":25},"end":{"line":5,"column":37}}],"line":5},"1":{"loc":{"start":{"line":6,"column":2},"end":{"line":11,"column":3}},"type":"switch","locations":[{"start":{"line":7,"column":4},"end":{"line":8,"column":52}},{"start":{"line":9,"column":4},"end":{"line":10,"column":19}}],"line":6}},"s":{"0":1,"1":1,"2":3,"3":1,"4":2},"f":{"0":3},"b":{"0":[1],"1":[1,2]},"_coverageSchema":"1a1c01bbd47fc00a2c39e90264f33305004495a9","hash":"e7943c3af5cced86df61cb6da0b7d383dd8592d5"}
,"C:\\Users\\eduvi\\OneDrive\\Desktop\\test-shoping-cart\\src\\saga\\store-saga.js": {"path":"C:\\Users\\eduvi\\OneDrive\\Desktop\\test-shoping-cart\\src\\saga\\store-saga.js","statementMap":{"0":{"start":{"line":7,"column":23},"end":{"line":7,"column":45}},"1":{"start":{"line":8,"column":14},"end":{"line":11,"column":2}},"2":{"start":{"line":13,"column":0},"end":{"line":13,"column":29}}},"fnMap":{},"branchMap":{},"s":{"0":1,"1":1,"2":1},"f":{},"b":{},"_coverageSchema":"1a1c01bbd47fc00a2c39e90264f33305004495a9","hash":"f39136687f51bebe28d500d7668ed00c26c187b2"}
}
