TN:
SF:src\App.jsx
FN:8,App
FNF:1
FNH:1
FNDA:1,App
DA:10,1
LF:1
LH:1
BRF:0
BRH:0
end_of_record
TN:
SF:src\components\BagedCountCartProduct.jsx
FN:3,(anonymous_0)
FNF:1
FNH:0
FNDA:0,(anonymous_0)
DA:3,1
DA:4,0
LF:2
LH:1
BRF:0
BRH:0
end_of_record
TN:
SF:src\components\Header.jsx
FN:6,(anonymous_0)
FN:16,(anonymous_1)
FN:26,(anonymous_2)
FNF:3
FNH:1
FNDA:3,(anonymous_0)
FNDA:0,(anonymous_1)
FNDA:0,(anonymous_2)
DA:6,1
DA:15,3
DA:16,3
DA:17,0
DA:18,0
DA:19,0
DA:22,3
DA:26,0
LF:8
LH:4
BRDA:17,0,0,0
BRDA:17,0,1,0
BRDA:37,1,0,0
BRDA:37,1,1,3
BRDA:48,2,0,0
BRDA:48,2,1,3
BRF:6
BRH:2
end_of_record
TN:
SF:src\components\Product.jsx
FN:8,(anonymous_0)
FN:10,(anonymous_1)
FN:17,(anonymous_2)
FN:45,(anonymous_3)
FNF:4
FNH:2
FNDA:3,(anonymous_0)
FNDA:3,(anonymous_1)
FNDA:0,(anonymous_2)
FNDA:0,(anonymous_3)
DA:8,1
DA:9,3
DA:10,3
DA:11,3
DA:17,3
DA:18,0
DA:19,0
DA:22,3
DA:45,0
LF:9
LH:6
BRDA:27,0,0,0
BRDA:27,0,1,3
BRDA:27,1,0,3
BRDA:27,1,1,3
BRDA:37,2,0,0
BRDA:37,2,1,3
BRDA:37,3,0,3
BRDA:37,3,1,3
BRDA:42,4,0,0
BRDA:42,4,1,3
BRDA:42,5,0,3
BRDA:42,5,1,3
BRDA:51,6,0,0
BRDA:51,6,1,3
BRDA:53,7,0,0
BRDA:53,7,1,3
BRDA:58,8,0,0
BRDA:58,8,1,3
BRDA:60,9,0,0
BRDA:60,9,1,3
BRF:20
BRH:13
end_of_record
TN:
SF:src\components\ProductDetail.jsx
FN:4,(anonymous_0)
FN:7,(anonymous_1)
FN:31,(anonymous_2)
FN:37,(anonymous_3)
FNF:4
FNH:0
FNDA:0,(anonymous_0)
FNDA:0,(anonymous_1)
FNDA:0,(anonymous_2)
FNDA:0,(anonymous_3)
DA:4,1
DA:6,0
DA:7,0
DA:9,0
DA:31,0
DA:37,0
LF:6
LH:1
BRDA:12,0,0,0
BRDA:12,0,1,0
BRF:2
BRH:0
end_of_record
TN:
SF:src\components\ProductList.jsx
FN:6,(anonymous_0)
FN:16,(anonymous_1)
FN:23,(anonymous_2)
FN:27,(anonymous_3)
FN:31,(anonymous_4)
FN:40,(anonymous_5)
FN:42,(anonymous_6)
FN:48,(anonymous_7)
FN:52,(anonymous_8)
FN:56,(anonymous_9)
FN:66,(anonymous_10)
FNF:11
FNH:3
FNDA:3,(anonymous_0)
FNDA:2,(anonymous_1)
FNDA:0,(anonymous_2)
FNDA:0,(anonymous_3)
FNDA:0,(anonymous_4)
FNDA:12,(anonymous_5)
FNDA:0,(anonymous_6)
FNDA:0,(anonymous_7)
FNDA:0,(anonymous_8)
FNDA:0,(anonymous_9)
FNDA:0,(anonymous_10)
DA:6,1
DA:14,3
DA:15,3
DA:16,3
DA:17,2
DA:18,2
DA:22,3
DA:23,3
DA:24,0
DA:27,3
DA:28,0
DA:31,3
DA:32,0
DA:33,0
DA:34,0
DA:37,3
DA:41,12
DA:42,0
DA:45,12
DA:48,0
DA:52,0
DA:56,0
DA:66,0
LF:23
LH:13
BRDA:17,0,0,2
BRDA:17,0,1,0
BRDA:32,1,0,0
BRDA:32,1,1,0
BRDA:39,2,0,3
BRDA:39,2,1,0
BRDA:59,3,0,12
BRDA:59,3,1,0
BRDA:72,4,0,0
BRDA:72,4,1,12
BRF:10
BRH:4
end_of_record
TN:
SF:src\components\ProductsCarts.jsx
FN:5,(anonymous_0)
FN:12,(anonymous_1)
FN:25,(anonymous_2)
FN:39,(anonymous_3)
FN:50,(anonymous_4)
FNF:5
FNH:0
FNDA:0,(anonymous_0)
FNDA:0,(anonymous_1)
FNDA:0,(anonymous_2)
FNDA:0,(anonymous_3)
FNDA:0,(anonymous_4)
DA:5,1
DA:10,0
DA:12,0
DA:13,0
DA:14,0
DA:16,0
DA:17,0
DA:18,0
DA:21,0
DA:23,0
DA:25,0
DA:27,0
DA:28,0
DA:29,0
DA:30,0
DA:31,0
DA:32,0
DA:33,0
DA:34,0
DA:35,0
DA:37,0
DA:39,0
DA:40,0
DA:41,0
DA:42,0
DA:46,0
DA:51,0
LF:27
LH:1
BRDA:41,0,0,0
BRDA:41,0,1,0
BRDA:41,1,0,0
BRDA:41,1,1,0
BRDA:49,2,0,0
BRDA:49,2,1,0
BRF:6
BRH:0
end_of_record
TN:
SF:src\context\AppContextProvider.jsx
FN:9,(anonymous_0)
FNF:1
FNH:1
FNDA:3,(anonymous_0)
DA:7,1
DA:9,1
DA:10,3
DA:11,3
DA:13,3
LF:5
LH:5
BRF:0
BRH:0
end_of_record
TN:
SF:src\hooks\useCart.js
FN:3,useCart
FN:7,(anonymous_1)
FN:14,(anonymous_2)
FN:18,(anonymous_3)
FN:20,(anonymous_4)
FN:27,(anonymous_5)
FN:28,(anonymous_6)
FN:34,(anonymous_7)
FN:36,(anonymous_8)
FN:49,(anonymous_9)
FN:50,(anonymous_10)
FN:62,(anonymous_11)
FN:63,(anonymous_12)
FN:73,(anonymous_13)
FN:77,(anonymous_14)
FNF:15
FNH:5
FNDA:3,useCart
FNDA:1,(anonymous_1)
FNDA:1,(anonymous_2)
FNDA:1,(anonymous_3)
FNDA:0,(anonymous_4)
FNDA:0,(anonymous_5)
FNDA:0,(anonymous_6)
FNDA:0,(anonymous_7)
FNDA:0,(anonymous_8)
FNDA:0,(anonymous_9)
FNDA:0,(anonymous_10)
FNDA:0,(anonymous_11)
FNDA:0,(anonymous_12)
FNDA:0,(anonymous_13)
FNDA:1,(anonymous_14)
DA:4,3
DA:5,3
DA:7,3
DA:8,1
DA:9,1
DA:10,0
DA:14,3
DA:15,1
DA:18,3
DA:19,1
DA:20,0
DA:23,1
DA:24,1
DA:27,3
DA:28,0
DA:29,0
DA:30,0
DA:32,0
DA:33,0
DA:34,0
DA:36,0
DA:37,0
DA:38,0
DA:43,0
DA:46,0
DA:49,3
DA:50,0
DA:51,0
DA:52,0
DA:57,0
DA:59,0
DA:62,3
DA:63,0
DA:64,0
DA:65,0
DA:66,0
DA:67,0
DA:69,0
DA:73,3
DA:74,0
DA:77,3
DA:78,1
DA:81,3
LF:43
LH:18
BRDA:9,0,0,0
BRDA:9,0,1,1
BRDA:9,1,0,1
BRDA:9,1,1,0
BRDA:29,2,0,0
BRDA:29,2,1,0
BRDA:33,3,0,0
BRDA:33,3,1,0
BRDA:37,4,0,0
BRDA:37,4,1,0
BRDA:51,5,0,0
BRDA:51,5,1,0
BRDA:64,6,0,0
BRDA:64,6,1,0
BRF:14
BRH:2
end_of_record
TN:
SF:src\hooks\useProducStore.js
FN:4,useProducStore
FN:6,(anonymous_1)
FN:11,(anonymous_2)
FNF:3
FNH:3
FNDA:3,useProducStore
FNDA:5,(anonymous_1)
FNDA:1,(anonymous_2)
DA:5,3
DA:6,5
DA:7,3
DA:8,3
DA:9,3
DA:11,3
DA:12,1
DA:15,3
LF:8
LH:8
BRF:0
BRH:0
end_of_record
TN:
SF:src\saga\conf-saga.js
FN:4,fetchProductsSaga
FN:127,rootSaga
FNF:2
FNH:2
FNDA:1,fetchProductsSaga
FNDA:1,rootSaga
DA:5,1
DA:7,1
DA:119,1
DA:122,0
DA:128,1
LF:5
LH:4
BRF:0
BRH:0
end_of_record
TN:
SF:src\saga\reduce-saga.js
FN:5,(anonymous_0)
FNF:1
FNH:1
FNDA:3,(anonymous_0)
DA:1,1
DA:5,1
DA:6,3
DA:8,1
DA:10,2
LF:5
LH:5
BRDA:5,0,0,1
BRDA:6,1,0,1
BRDA:6,1,1,2
BRF:3
BRH:3
end_of_record
TN:
SF:src\saga\store-saga.js
FNF:0
FNH:0
DA:7,1
DA:8,1
DA:13,1
LF:3
LH:3
BRF:0
BRH:0
end_of_record
